2024-08-08 22:35:58.099 -03:00 [INF] ****************************************
2024-08-08 22:35:58.122 -03:00 [INF] *    Aplicação iniciada com sucesso!   *
2024-08-08 22:35:58.123 -03:00 [INF] ****************************************
2024-08-08 22:35:58.740 -03:00 [INF] Now listening on: https://localhost:7103
2024-08-08 22:35:58.742 -03:00 [INF] Now listening on: http://localhost:5167
2024-08-08 22:35:58.743 -03:00 [INF] Application started. Press Ctrl+C to shut down.
2024-08-08 22:35:58.744 -03:00 [INF] Hosting environment: Development
2024-08-08 22:35:58.744 -03:00 [INF] Content root path: C:\Users\User\OneDrive\Desktop\CRUD Produtos\API\ProductAPI
2024-08-08 22:36:00.115 -03:00 [INF] Request starting HTTP/2 GET https://localhost:7103/swagger - null null
2024-08-08 22:36:00.271 -03:00 [INF] Request finished HTTP/2 GET https://localhost:7103/swagger - 301 0 null 160.2929ms
2024-08-08 22:36:00.274 -03:00 [INF] Request starting HTTP/2 GET https://localhost:7103/swagger/index.html - null null
2024-08-08 22:36:00.341 -03:00 [INF] Request finished HTTP/2 GET https://localhost:7103/swagger/index.html - 200 null text/html;charset=utf-8 67.3731ms
2024-08-08 22:36:00.344 -03:00 [INF] Request starting HTTP/2 GET https://localhost:7103/swagger/swagger-ui.css - null null
2024-08-08 22:36:00.344 -03:00 [INF] Request starting HTTP/2 GET https://localhost:7103/swagger/swagger-ui-standalone-preset.js - null null
2024-08-08 22:36:00.344 -03:00 [INF] Request starting HTTP/2 GET https://localhost:7103/_framework/aspnetcore-browser-refresh.js - null null
2024-08-08 22:36:00.344 -03:00 [INF] Request starting HTTP/2 GET https://localhost:7103/swagger/swagger-ui-bundle.js - null null
2024-08-08 22:36:00.359 -03:00 [INF] Request finished HTTP/2 GET https://localhost:7103/_framework/aspnetcore-browser-refresh.js - 200 13756 application/javascript; charset=utf-8 14.6111ms
2024-08-08 22:36:00.374 -03:00 [INF] Sending file. Request path: '/swagger-ui-standalone-preset.js'. Physical path: 'N/A'
2024-08-08 22:36:00.374 -03:00 [INF] Sending file. Request path: '/swagger-ui.css'. Physical path: 'N/A'
2024-08-08 22:36:00.378 -03:00 [INF] Request finished HTTP/2 GET https://localhost:7103/swagger/swagger-ui.css - 200 143943 text/css 34.535ms
2024-08-08 22:36:00.378 -03:00 [INF] Request finished HTTP/2 GET https://localhost:7103/swagger/swagger-ui-standalone-preset.js - 200 339486 text/javascript 34.5194ms
2024-08-08 22:36:00.381 -03:00 [INF] Sending file. Request path: '/swagger-ui-bundle.js'. Physical path: 'N/A'
2024-08-08 22:36:00.382 -03:00 [INF] Request starting HTTP/2 GET https://localhost:7103/_vs/browserLink - null null
2024-08-08 22:36:00.384 -03:00 [INF] Request finished HTTP/2 GET https://localhost:7103/swagger/swagger-ui-bundle.js - 200 1096145 text/javascript 40.2508ms
2024-08-08 22:36:00.540 -03:00 [INF] Request finished HTTP/2 GET https://localhost:7103/_vs/browserLink - 200 null text/javascript; charset=UTF-8 157.7998ms
2024-08-08 22:36:00.586 -03:00 [INF] Request starting HTTP/2 GET https://localhost:7103/swagger/v1/swagger.json - null null
2024-08-08 22:36:00.609 -03:00 [INF] Request starting HTTP/2 GET https://localhost:7103/swagger/favicon-32x32.png - null null
2024-08-08 22:36:00.623 -03:00 [INF] Sending file. Request path: '/favicon-32x32.png'. Physical path: 'N/A'
2024-08-08 22:36:00.625 -03:00 [INF] Request finished HTTP/2 GET https://localhost:7103/swagger/favicon-32x32.png - 200 628 image/png 15.5397ms
2024-08-08 22:36:00.679 -03:00 [INF] Request finished HTTP/2 GET https://localhost:7103/swagger/v1/swagger.json - 200 null application/json;charset=utf-8 93.2184ms
2024-08-08 22:36:19.779 -03:00 [INF] Request starting HTTP/2 GET https://localhost:7103/WeatherForecast - null null
2024-08-08 22:36:19.783 -03:00 [INF] Handling request: GET /WeatherForecast
2024-08-08 22:36:19.785 -03:00 [INF] Executing endpoint 'ProductAPI.Controllers.WeatherForecastController.Get (ProductAPI)'
2024-08-08 22:36:19.795 -03:00 [INF] Route matched with {action = "Get", controller = "WeatherForecast"}. Executing controller action with signature System.Collections.Generic.IEnumerable`1[ProductAPI.WeatherForecast] Get() on controller ProductAPI.Controllers.WeatherForecastController (ProductAPI).
2024-08-08 22:36:19.800 -03:00 [INF] Executing ObjectResult, writing value of type 'ProductAPI.WeatherForecast[]'.
2024-08-08 22:36:19.812 -03:00 [INF] Executed action ProductAPI.Controllers.WeatherForecastController.Get (ProductAPI) in 13.25ms
2024-08-08 22:36:19.812 -03:00 [INF] Executed endpoint 'ProductAPI.Controllers.WeatherForecastController.Get (ProductAPI)'
2024-08-08 22:36:19.813 -03:00 [INF] Finished handling request.
2024-08-08 22:36:19.814 -03:00 [INF] Request finished HTTP/2 GET https://localhost:7103/WeatherForecast - 200 null application/json; charset=utf-8 35.5364ms
2024-08-08 22:37:06.520 -03:00 [INF] Application is shutting down...
2024-08-08 22:37:21.695 -03:00 [INF] ****************************************
2024-08-08 22:37:21.718 -03:00 [INF] *    Aplicação iniciada com sucesso!   *
2024-08-08 22:37:21.719 -03:00 [INF] ****************************************
2024-08-08 22:37:21.886 -03:00 [INF] Now listening on: https://localhost:7103
2024-08-08 22:37:21.888 -03:00 [INF] Now listening on: http://localhost:5167
2024-08-08 22:37:21.889 -03:00 [INF] Application started. Press Ctrl+C to shut down.
2024-08-08 22:37:21.890 -03:00 [INF] Hosting environment: Development
2024-08-08 22:37:21.890 -03:00 [INF] Content root path: C:\Users\User\OneDrive\Desktop\CRUD Produtos\API\ProductAPI
2024-08-08 22:37:23.080 -03:00 [INF] Request starting HTTP/2 GET https://localhost:7103/swagger/index.html - null null
2024-08-08 22:37:23.080 -03:00 [INF] Request starting HTTP/2 GET https://localhost:7103/_framework/aspnetcore-browser-refresh.js - null null
2024-08-08 22:37:23.101 -03:00 [INF] Request finished HTTP/2 GET https://localhost:7103/_framework/aspnetcore-browser-refresh.js - 200 13756 application/javascript; charset=utf-8 26.4093ms
2024-08-08 22:37:23.107 -03:00 [INF] Request starting HTTP/2 GET https://localhost:7103/_vs/browserLink - null null
2024-08-08 22:37:23.154 -03:00 [INF] Request finished HTTP/2 GET https://localhost:7103/_vs/browserLink - 200 null text/javascript; charset=UTF-8 47.5198ms
2024-08-08 22:37:23.239 -03:00 [INF] Request finished HTTP/2 GET https://localhost:7103/swagger/index.html - 200 null text/html;charset=utf-8 164.8465ms
2024-08-08 22:37:23.248 -03:00 [INF] Request starting HTTP/2 GET https://localhost:7103/swagger/v1/swagger.json - null null
2024-08-08 22:37:23.289 -03:00 [INF] Request starting HTTP/2 GET https://localhost:7103/_framework/aspnetcore-browser-refresh.js - null null
2024-08-08 22:37:23.289 -03:00 [INF] Request starting HTTP/2 GET https://localhost:7103/_vs/browserLink - null null
2024-08-08 22:37:23.293 -03:00 [INF] Request finished HTTP/2 GET https://localhost:7103/_framework/aspnetcore-browser-refresh.js - 200 13756 application/javascript; charset=utf-8 4.2398ms
2024-08-08 22:37:23.307 -03:00 [INF] Request finished HTTP/2 GET https://localhost:7103/_vs/browserLink - 200 null text/javascript; charset=UTF-8 18.9035ms
2024-08-08 22:37:23.326 -03:00 [INF] Request finished HTTP/2 GET https://localhost:7103/swagger/v1/swagger.json - 200 null application/json;charset=utf-8 78.1503ms
2024-08-08 22:37:23.353 -03:00 [INF] Request starting HTTP/2 GET https://localhost:7103/swagger/v1/swagger.json - null null
2024-08-08 22:37:23.358 -03:00 [INF] Request finished HTTP/2 GET https://localhost:7103/swagger/v1/swagger.json - 200 null application/json;charset=utf-8 5.2882ms
